# JRE version: OpenJDK Runtime Environment Temurin-21.0.11+10 (21.0.11+10) (build 21.0.11+10-LTS)
# Java VM: OpenJDK 64-Bit Server VM Temurin-21.0.11+10 (21.0.11+10-LTS, mixed mode, sharing, tiered, compressed oops, compressed class ptrs, parallel gc, windows-amd64)
GC Precious Log:
 CardTable entry size: 512
 CPUs: 8 total, 8 available
 Memory: 16191M
 Large Page Support: Disabled
 NUMA Support: Disabled
 Compressed Oops: Enabled (32-bit)
 Alignments: Space 512K, Generation 512K, Heap 2M
 Heap Min Capacity: 100M
 Heap Initial Capacity: 100M
 Heap Max Capacity: 2G
 Pre-touch: Disabled
 Parallel Workers: 8
Heap:
 PSYoungGen      total 2560K, used 523K [0x00000000d5580000, 0x00000000d5b80000, 0x0000000100000000)
  eden space 2048K, 19% used [0x00000000d5580000,0x00000000d55e2c28,0x00000000d5780000)
  from space 512K, 25% used [0x00000000d5a80000,0x00000000d5aa0000,0x00000000d5b00000)
  to   space 512K, 0% used [0x00000000d5b00000,0x00000000d5b00000,0x00000000d5b80000)
 ParOldGen       total 1200640K, used 1200356K [0x0000000080000000, 0x00000000c9480000, 0x00000000d5580000)
  object space 1200640K, 99% used [0x0000000080000000,0x00000000c9439018,0x00000000c9480000)
 Metaspace       used 105888K, committed 107968K, reserved 1179648K
  class space    used 10749K, committed 11712K, reserved 1048576K
GC Heap History (20 events):
Event: 7834.013 GC heap before
{Heap before GC invocations=5866 (full 8):
 PSYoungGen      total 1536K, used 1136K [0x00000000d5580000, 0x00000000d5f80000, 0x0000000100000000)
  eden space 512K, 100% used [0x00000000d5580000,0x00000000d5600000,0x00000000d5600000)
  from space 1024K, 60% used [0x00000000d5600000,0x00000000d569c000,0x00000000d5700000)
  to   space 3584K, 0% used [0x00000000d5c00000,0x00000000d5c00000,0x00000000d5f80000)
 ParOldGen       total 1198592K, used 1198089K [0x0000000080000000, 0x00000000c9280000, 0x00000000d5580000)
  object space 1198592K, 99% used [0x0000000080000000,0x00000000c92026c8,0x00000000c9280000)
 Metaspace       used 105855K, committed 107904K, reserved 1179648K
  class space    used 10749K, committed 11712K, reserved 1048576K
}
Event: 7834.017 GC heap after
{Heap after GC invocations=5866 (full 8):
 PSYoungGen      total 2048K, used 624K [0x00000000d5580000, 0x00000000d5d00000, 0x0000000100000000)
  eden space 1024K, 0% used [0x00000000d5580000,0x00000000d5580000,0x00000000d5680000)
  from space 1024K, 60% used [0x00000000d5c00000,0x00000000d5c9c000,0x00000000d5d00000)
  to   space 1536K, 0% used [0x00000000d5a00000,0x00000000d5a00000,0x00000000d5b80000)
 ParOldGen       total 1198592K, used 1198289K [0x0000000080000000, 0x00000000c9280000, 0x00000000d5580000)
  object space 1198592K, 99% used [0x0000000080000000,0x00000000c92346c8,0x00000000c9280000)
 Metaspace       used 105855K, committed 107904K, reserved 1179648K
  class space    used 10749K, committed 11712K, reserved 1048576K
}
Event: 8148.314 GC heap before
{Heap before GC invocations=5867 (full 8):
 PSYoungGen      total 2048K, used 1647K [0x00000000d5580000, 0x00000000d5d00000, 0x0000000100000000)
  eden space 1024K, 99% used [0x00000000d5580000,0x00000000d567fff0,0x00000000d5680000)
  from space 1024K, 60% used [0x00000000d5c00000,0x00000000d5c9c000,0x00000000d5d00000)
  to   space 1536K, 0% used [0x00000000d5a00000,0x00000000d5a00000,0x00000000d5b80000)
 ParOldGen       total 1198592K, used 1198289K [0x0000000080000000, 0x00000000c9280000, 0x00000000d5580000)
  object space 1198592K, 99% used [0x0000000080000000,0x00000000c92346c8,0x00000000c9280000)
 Metaspace       used 105858K, committed 107904K, reserved 1179648K
  class space    used 10749K, committed 11712K, reserved 1048576K
}
Event: 8148.331 GC heap after
{Heap after GC invocations=5867 (full 8):
 PSYoungGen      total 3072K, used 384K [0x00000000d5580000, 0x00000000d5c80000, 0x0000000100000000)
  eden space 1536K, 0% used [0x00000000d5580000,0x00000000d5580000,0x00000000d5700000)
  from space 1536K, 25% used [0x00000000d5a00000,0x00000000d5a60000,0x00000000d5b80000)
  to   space 1024K, 0% used [0x00000000d5b80000,0x00000000d5b80000,0x00000000d5c80000)
 ParOldGen       total 1199104K, used 1198817K [0x0000000080000000, 0x00000000c9300000, 0x00000000d5580000)
  object space 1199104K, 99% used [0x0000000080000000,0x00000000c92b86c8,0x00000000c9300000)
 Metaspace       used 105858K, committed 107904K, reserved 1179648K
  class space    used 10749K, committed 11712K, reserved 1048576K
}
Event: 8803.566 GC heap before
{Heap before GC invocations=5868 (full 8):
 PSYoungGen      total 3072K, used 1908K [0x00000000d5580000, 0x00000000d5c80000, 0x0000000100000000)
  eden space 1536K, 99% used [0x00000000d5580000,0x00000000d56fd338,0x00000000d5700000)
  from space 1536K, 25% used [0x00000000d5a00000,0x00000000d5a60000,0x00000000d5b80000)
  to   space 1024K, 0% used [0x00000000d5b80000,0x00000000d5b80000,0x00000000d5c80000)
 ParOldGen       total 1199104K, used 1198817K [0x0000000080000000, 0x00000000c9300000, 0x00000000d5580000)
  object space 1199104K, 99% used [0x0000000080000000,0x00000000c92b86c8,0x00000000c9300000)
 Metaspace       used 105864K, committed 107904K, reserved 1179648K
  class space    used 10749K, committed 11712K, reserved 1048576K
}
Event: 8803.574 GC heap after
{Heap after GC invocations=5868 (full 8):
 PSYoungGen      total 2048K, used 224K [0x00000000d5580000, 0x00000000d5c00000, 0x0000000100000000)
  eden space 1536K, 0% used [0x00000000d5580000,0x00000000d5580000,0x00000000d5700000)
  from space 512K, 43% used [0x00000000d5b80000,0x00000000d5bb8000,0x00000000d5c00000)
  to   space 512K, 0% used [0x00000000d5b00000,0x00000000d5b00000,0x00000000d5b80000)
 ParOldGen       total 1199104K, used 1199097K [0x0000000080000000, 0x00000000c9300000, 0x00000000d5580000)
  object space 1199104K, 99% used [0x0000000080000000,0x00000000c92fe6c8,0x00000000c9300000)
 Metaspace       used 105864K, committed 107904K, reserved 1179648K
  class space    used 10749K, committed 11712K, reserved 1048576K
}
Event: 8803.581 GC heap before
{Heap before GC invocations=5869 (full 8):
 PSYoungGen      total 2048K, used 1760K [0x00000000d5580000, 0x00000000d5c00000, 0x0000000100000000)
  eden space 1536K, 100% used [0x00000000d5580000,0x00000000d5700000,0x00000000d5700000)
  from space 512K, 43% used [0x00000000d5b80000,0x00000000d5bb8000,0x00000000d5c00000)
  to   space 512K, 0% used [0x00000000d5b00000,0x00000000d5b00000,0x00000000d5b80000)
 ParOldGen       total 1199104K, used 1199097K [0x0000000080000000, 0x00000000c9300000, 0x00000000d5580000)
  object space 1199104K, 99% used [0x0000000080000000,0x00000000c92fe6c8,0x00000000c9300000)
 Metaspace       used 105864K, committed 107904K, reserved 1179648K
  class space    used 10749K, committed 11712K, reserved 1048576K
}
Event: 8803.583 GC heap after
{Heap after GC invocations=5869 (full 8):
 PSYoungGen      total 2048K, used 320K [0x00000000d5580000, 0x00000000d5c00000, 0x0000000100000000)
  eden space 1536K, 0% used [0x00000000d5580000,0x00000000d5580000,0x00000000d5700000)
  from space 512K, 62% used [0x00000000d5b00000,0x00000000d5b50020,0x00000000d5b80000)
  to   space 512K, 0% used [0x00000000d5b80000,0x00000000d5b80000,0x00000000d5c00000)
 ParOldGen       total 1199616K, used 1199161K [0x0000000080000000, 0x00000000c9380000, 0x00000000d5580000)
  object space 1199616K, 99% used [0x0000000080000000,0x00000000c930e6c8,0x00000000c9380000)
 Metaspace       used 105864K, committed 107904K, reserved 1179648K
  class space    used 10749K, committed 11712K, reserved 1048576K
}
Event: 8803.597 GC heap before
{Heap before GC invocations=5870 (full 8):
 PSYoungGen      total 2048K, used 1856K [0x00000000d5580000, 0x00000000d5c00000, 0x0000000100000000)
  eden space 1536K, 100% used [0x00000000d5580000,0x00000000d5700000,0x00000000d5700000)
  from space 512K, 62% used [0x00000000d5b00000,0x00000000d5b50020,0x00000000d5b80000)
  to   space 512K, 0% used [0x00000000d5b80000,0x00000000d5b80000,0x00000000d5c00000)
 ParOldGen       total 1199616K, used 1199161K [0x0000000080000000, 0x00000000c9380000, 0x00000000d5580000)
  object space 1199616K, 99% used [0x0000000080000000,0x00000000c930e6c8,0x00000000c9380000)
 Metaspace       used 105864K, committed 107904K, reserved 1179648K
  class space    used 10749K, committed 11712K, reserved 1048576K
}
Event: 8803.602 GC heap after
{Heap after GC invocations=5870 (full 8):
 PSYoungGen      total 2560K, used 482K [0x00000000d5580000, 0x00000000d5c00000, 0x0000000100000000)
  eden space 2048K, 0% used [0x00000000d5580000,0x00000000d5580000,0x00000000d5780000)
  from space 512K, 94% used [0x00000000d5b80000,0x00000000d5bf8820,0x00000000d5c00000)
  to   space 1024K, 0% used [0x00000000d5a00000,0x00000000d5a00000,0x00000000d5b00000)
 ParOldGen       total 1199616K, used 1199491K [0x0000000080000000, 0x00000000c9380000, 0x00000000d5580000)
  object space 1199616K, 99% used [0x0000000080000000,0x00000000c9360fe8,0x00000000c9380000)
 Metaspace       used 105864K, committed 107904K, reserved 1179648K
  class space    used 10749K, committed 11712K, reserved 1048576K
}
Event: 8803.635 GC heap before
{Heap before GC invocations=5871 (full 8):
 PSYoungGen      total 2560K, used 2530K [0x00000000d5580000, 0x00000000d5c00000, 0x0000000100000000)
  eden space 2048K, 100% used [0x00000000d5580000,0x00000000d5780000,0x00000000d5780000)
  from space 512K, 94% used [0x00000000d5b80000,0x00000000d5bf8820,0x00000000d5c00000)
  to   space 1024K, 0% used [0x00000000d5a00000,0x00000000d5a00000,0x00000000d5b00000)
 ParOldGen       total 1199616K, used 1199491K [0x0000000080000000, 0x00000000c9380000, 0x00000000d5580000)
  object space 1199616K, 99% used [0x0000000080000000,0x00000000c9360fe8,0x00000000c9380000)
 Metaspace       used 105864K, committed 107904K, reserved 1179648K
  class space    used 10749K, committed 11712K, reserved 1048576K
}
Event: 8803.640 GC heap after
{Heap after GC invocations=5871 (full 8):
 PSYoungGen      total 3072K, used 584K [0x00000000d5580000, 0x00000000d5c00000, 0x0000000100000000)
  eden space 2048K, 0% used [0x00000000d5580000,0x00000000d5580000,0x00000000d5780000)
  from space 1024K, 57% used [0x00000000d5a00000,0x00000000d5a92350,0x00000000d5b00000)
  to   space 1024K, 0% used [0x00000000d5b00000,0x00000000d5b00000,0x00000000d5c00000)
 ParOldGen       total 1200128K, used 1199803K [0x0000000080000000, 0x00000000c9400000, 0x00000000d5580000)
  object space 1200128K, 99% used [0x0000000080000000,0x00000000c93aeff8,0x00000000c9400000)
 Metaspace       used 105864K, committed 107904K, reserved 1179648K
  class space    used 10749K, committed 11712K, reserved 1048576K
}
Event: 8803.987 GC heap before
{Heap before GC invocations=5872 (full 8):
 PSYoungGen      total 3072K, used 2632K [0x00000000d5580000, 0x00000000d5c00000, 0x0000000100000000)
  eden space 2048K, 100% used [0x00000000d5580000,0x00000000d5780000,0x00000000d5780000)
  from space 1024K, 57% used [0x00000000d5a00000,0x00000000d5a92350,0x00000000d5b00000)
  to   space 1024K, 0% used [0x00000000d5b00000,0x00000000d5b00000,0x00000000d5c00000)
 ParOldGen       total 1200128K, used 1199803K [0x0000000080000000, 0x00000000c9400000, 0x00000000d5580000)
  object space 1200128K, 99% used [0x0000000080000000,0x00000000c93aeff8,0x00000000c9400000)
 Metaspace       used 105864K, committed 107904K, reserved 1179648K
  class space    used 10749K, committed 11712K, reserved 1048576K
}
Event: 8803.996 GC heap after
{Heap after GC invocations=5872 (full 8):
 PSYoungGen      total 3072K, used 608K [0x00000000d5580000, 0x00000000d5c00000, 0x0000000100000000)
  eden space 2048K, 0% used [0x00000000d5580000,0x00000000d5580000,0x00000000d5780000)
  from space 1024K, 59% used [0x00000000d5b00000,0x00000000d5b98020,0x00000000d5c00000)
  to   space 1024K, 0% used [0x00000000d5a00000,0x00000000d5a00000,0x00000000d5b00000)
 ParOldGen       total 1200640K, used 1200187K [0x0000000080000000, 0x00000000c9480000, 0x00000000d5580000)
  object space 1200640K, 99% used [0x0000000080000000,0x00000000c940eff8,0x00000000c9480000)
 Metaspace       used 105864K, committed 107904K, reserved 1179648K
  class space    used 10749K, committed 11712K, reserved 1048576K
}
Event: 8804.016 GC heap before
{Heap before GC invocations=5873 (full 8):
 PSYoungGen      total 3072K, used 2656K [0x00000000d5580000, 0x00000000d5c00000, 0x0000000100000000)
  eden space 2048K, 100% used [0x00000000d5580000,0x00000000d5780000,0x00000000d5780000)
  from space 1024K, 59% used [0x00000000d5b00000,0x00000000d5b98020,0x00000000d5c00000)
  to   space 1024K, 0% used [0x00000000d5a00000,0x00000000d5a00000,0x00000000d5b00000)
 ParOldGen       total 1200640K, used 1200187K [0x0000000080000000, 0x00000000c9480000, 0x00000000d5580000)
  object space 1200640K, 99% used [0x0000000080000000,0x00000000c940eff8,0x00000000c9480000)
 Metaspace       used 105864K, committed 107904K, reserved 1179648K
  class space    used 10749K, committed 11712K, reserved 1048576K
}
Event: 8804.026 GC heap after
{Heap after GC invocations=5873 (full 8):
 PSYoungGen      total 3072K, used 640K [0x00000000d5580000, 0x00000000d5b80000, 0x0000000100000000)
  eden space 2048K, 0% used [0x00000000d5580000,0x00000000d5580000,0x00000000d5780000)
  from space 1024K, 62% used [0x00000000d5a00000,0x00000000d5aa0000,0x00000000d5b00000)
  to   space 512K, 0% used [0x00000000d5b00000,0x00000000d5b00000,0x00000000d5b80000)
 ParOldGen       total 1200640K, used 1200308K [0x0000000080000000, 0x00000000c9480000, 0x00000000d5580000)
  object space 1200640K, 99% used [0x0000000080000000,0x00000000c942d018,0x00000000c9480000)
 Metaspace       used 105864K, committed 107904K, reserved 1179648K
  class space    used 10749K, committed 11712K, reserved 1048576K
}
Event: 12670.315 GC heap before
{Heap before GC invocations=5874 (full 8):
 PSYoungGen      total 3072K, used 2688K [0x00000000d5580000, 0x00000000d5b80000, 0x0000000100000000)
  eden space 2048K, 100% used [0x00000000d5580000,0x00000000d5780000,0x00000000d5780000)
  from space 1024K, 62% used [0x00000000d5a00000,0x00000000d5aa0000,0x00000000d5b00000)
  to   space 512K, 0% used [0x00000000d5b00000,0x00000000d5b00000,0x00000000d5b80000)
 ParOldGen       total 1200640K, used 1200308K [0x0000000080000000, 0x00000000c9480000, 0x00000000d5580000)
  object space 1200640K, 99% used [0x0000000080000000,0x00000000c942d018,0x00000000c9480000)
 Metaspace       used 105869K, committed 107904K, reserved 1179648K
  class space    used 10749K, committed 11712K, reserved 1048576K
}
Event: 12670.611 GC heap after
{Heap after GC invocations=5874 (full 8):
 PSYoungGen      total 2560K, used 224K [0x00000000d5580000, 0x00000000d5b80000, 0x0000000100000000)
  eden space 2048K, 0% used [0x00000000d5580000,0x00000000d5580000,0x00000000d5780000)
  from space 512K, 43% used [0x00000000d5b00000,0x00000000d5b38000,0x00000000d5b80000)
  to   space 512K, 0% used [0x00000000d5a80000,0x00000000d5a80000,0x00000000d5b00000)
 ParOldGen       total 1200640K, used 1200332K [0x0000000080000000, 0x00000000c9480000, 0x00000000d5580000)
  object space 1200640K, 99% used [0x0000000080000000,0x00000000c9433018,0x00000000c9480000)
 Metaspace       used 105869K, committed 107904K, reserved 1179648K
  class space    used 10749K, committed 11712K, reserved 1048576K
}
Event: 17965.313 GC heap before
{Heap before GC invocations=5875 (full 8):
 PSYoungGen      total 2560K, used 2272K [0x00000000d5580000, 0x00000000d5b80000, 0x0000000100000000)
  eden space 2048K, 100% used [0x00000000d5580000,0x00000000d5780000,0x00000000d5780000)
  from space 512K, 43% used [0x00000000d5b00000,0x00000000d5b38000,0x00000000d5b80000)
  to   space 512K, 0% used [0x00000000d5a80000,0x00000000d5a80000,0x00000000d5b00000)
 ParOldGen       total 1200640K, used 1200332K [0x0000000080000000, 0x00000000c9480000, 0x00000000d5580000)
  object space 1200640K, 99% used [0x0000000080000000,0x00000000c9433018,0x00000000c9480000)
 Metaspace       used 105888K, committed 107968K, reserved 1179648K
  class space    used 10749K, committed 11712K, reserved 1048576K
}
Event: 17965.559 GC heap after
{Heap after GC invocations=5875 (full 8):
 PSYoungGen      total 2560K, used 128K [0x00000000d5580000, 0x00000000d5b80000, 0x0000000100000000)
  eden space 2048K, 0% used [0x00000000d5580000,0x00000000d5580000,0x00000000d5780000)
  from space 512K, 25% used [0x00000000d5a80000,0x00000000d5aa0000,0x00000000d5b00000)
  to   space 512K, 0% used [0x00000000d5b00000,0x00000000d5b00000,0x00000000d5b80000)
 ParOldGen       total 1200640K, used 1200356K [0x0000000080000000, 0x00000000c9480000, 0x00000000d5580000)
  object space 1200640K, 99% used [0x0000000080000000,0x00000000c9439018,0x00000000c9480000)
 Metaspace       used 105888K, committed 107968K, reserved 1179648K
  class space    used 10749K, committed 11712K, reserved 1048576K
}

